#
# There is insufficient memory for the Java Runtime Environment to continue.
# Native memory allocation (mmap) failed to map 264241152 bytes for G1 virtual space
# Possible reasons:
#   The system is out of physical RAM or swap space
#   The process is running with CompressedOops enabled, and the Java Heap may be blocking the growth of the native heap
# Possible solutions:
#   Reduce memory load on the system
#   Increase physical memory or swap space
#   Check if swap backing store is full
#   Decrease Java heap size (-Xmx/-Xms)
#   Decrease number of Java threads
#   Decrease Java thread stack sizes (-Xss)
#   Set larger code cache with -XX:ReservedCodeCacheSize=
#   JVM is running with Zero Based Compressed Oops mode in which the Java heap is
#     placed in the first 32GB address space. The Java Heap base address is the
#     maximum limit for the native heap growth. Please use -XX:HeapBaseMinAddress
#     to set the Java Heap base and to place the Java Heap above 32GB virtual address.
# This output file may be truncated or incomplete.
#
#  Out of Memory Error (os_windows.cpp:3559), pid=13480, tid=27348
#
# JRE version:  (17.0.7+7) (build )
# Java VM: OpenJDK 64-Bit Server VM (17.0.7+7, mixed mode, emulated-client, sharing, tiered, compressed oops, compressed class ptrs, g1 gc, windows-amd64)
# No core dump will be written. Minidumps are not enabled by default on client versions of Windows
#

---------------  S U M M A R Y ------------

Command Line: -XX:TieredStopAtLevel=1 -Dspring.output.ansi.enabled=always -Dcom.sun.management.jmxremote -Dspring.jmx.enabled=true -Dspring.liveBeansView.mbeanDomain -Dspring.application.admin.enabled=true -Dmanagement.endpoints.jmx.exposure.include=* -javaagent:C:\Program Files\JetBrains\IntelliJ IDEA 2023.1.1\lib\idea_rt.jar=5444:C:\Program Files\JetBrains\IntelliJ IDEA 2023.1.1\bin -Dfile.encoding=UTF-8 com.umc.Carrot.CarrotApplication

Host: 11th Gen Intel(R) Core(TM) i7-1165G7 @ 2.80GHz, 8 cores, 15G,  Windows 11 , 64 bit Build 22621 (10.0.22621.1778)
Time: Tue Jul  4 20:27:48 2023  Windows 11 , 64 bit Build 22621 (10.0.22621.1778) elapsed time: 0.027332 seconds (0d 0h 0m 0s)

---------------  T H R E A D  ---------------

Current thread (0x00000235c7637f80):  JavaThread "Unknown thread" [_thread_in_vm, id=27348, stack(0x000000a558600000,0x000000a558700000)]

Stack: [0x000000a558600000,0x000000a558700000]
Native frames: (J=compiled Java code, j=interpreted, Vv=VM code, C=native code)
V  [jvm.dll+0x67754a]
V  [jvm.dll+0x834304]
V  [jvm.dll+0x835aae]
V  [jvm.dll+0x836113]
V  [jvm.dll+0x24696f]
V  [jvm.dll+0x6743f9]
V  [jvm.dll+0x668c8a]
V  [jvm.dll+0x3061bb]
V  [jvm.dll+0x30d6a6]
V  [jvm.dll+0x35cece]
V  [jvm.dll+0x35d0ff]
V  [jvm.dll+0x2dd048]
V  [jvm.dll+0x2ddfb4]
V  [jvm.dll+0x8066d1]
V  [jvm.dll+0x36ac91]
V  [jvm.dll+0x7e5cec]
V  [jvm.dll+0x3ed56f]
V  [jvm.dll+0x3ef0a1]
C  [jli.dll+0x528b]
C  [ucrtbase.dll+0x29363]
C  [KERNEL32.DLL+0x126ad]
C  [ntdll.dll+0x5a9f8]


---------------  P R O C E S S  ---------------

Threads class SMR info:
_java_thread_list=0x00007ffb45807018, length=0, elements={
}

Java Threads: ( => current thread )

Other Threads:
  0x00000235c76a0c20 GCTaskThread "GC Thread#0" [stack: 0x000000a558700000,0x000000a558800000] [id=20536]
  0x00000235c76b1660 ConcurrentGCThread "G1 Main Marker" [stack: 0x000000a558800000,0x000000a558900000] [id=7976]
  0x00000235c76b3080 ConcurrentGCThread "G1 Conc#0" [stack: 0x000000a558900000,0x000000a558a00000] [id=16624]

[error occurred during error reporting (printing all threads), id 0xc0000005, EXCEPTION_ACCESS_VIOLATION (0xc0000005) at pc=0x00007ffb44fddaf7]

VM state: not at safepoint (not fully initialized)

VM Mutex/Monitor currently owned by a thread:  ([mutex/lock_event])
[0x00000235c76319c0] Heap_lock - owner thread: 0x00000235c7637f80

Heap address: 0x0000000705000000, size: 4016 MB, Compressed Oops mode: Zero based, Oop shift amount: 3

CDS archive(s) mapped at: [0x0000000000000000-0x0000000000000000-0x0000000000000000), size 0, SharedBaseAddress: 0x0000000800000000, ArchiveRelocationMode: 0.
Narrow klass base: 0x0000000000000000, Narrow klass shift: 0, Narrow klass range: 0x0

GC Precious Log:
<Empty>

Heap:
 garbage-first heap   total 0K, used 0K [0x0000000705000000, 0x0000000800000000)
  region size 2048K, 0 young (0K), 0 survivors (0K)

[error occurred during error reporting (printing heap information), id 0xc0000005, EXCEPTION_ACCESS_VIOLATION (0xc0000005) at pc=0x00007ffb453c0db9]

GC Heap History (0 events):
No events

Dll operation events (1 events):
Event: 0.013 Loaded shared library C:\Users\bjm24\.jdks\temurin-17.0.7\bin\java.dll

Deoptimization events (0 events):
No events

Classes unloaded (0 events):
No events

Classes redefined (0 events):
No events

Internal exceptions (0 events):
No events

VM Operations (0 events):
No events

Events (0 events):
No events


Dynamic libraries:
0x00007ff70bf80000 - 0x00007ff70bf8e000 	C:\Users\bjm24\.jdks\temurin-17.0.7\bin\java.exe
0x00007ffb9a6d0000 - 0x00007ffb9a8e4000 	C:\WINDOWS\SYSTEM32\ntdll.dll
0x00007ffb99010000 - 0x00007ffb990d2000 	C:\WINDOWS\System32\KERNEL32.DLL
0x00007ffb97c20000 - 0x00007ffb97fc3000 	C:\WINDOWS\System32\KERNELBASE.dll
0x00007ffb97b00000 - 0x00007ffb97c11000 	C:\WINDOWS\System32\ucrtbase.dll
0x00007ffb93960000 - 0x00007ffb93979000 	C:\Users\bjm24\.jdks\temurin-17.0.7\bin\VCRUNTIME140.dll
0x00007ffb8a9d0000 - 0x00007ffb8a9e7000 	C:\Users\bjm24\.jdks\temurin-17.0.7\bin\jli.dll
0x00007ffb98560000 - 0x00007ffb9870b000 	C:\WINDOWS\System32\USER32.dll
0x00007ffb97ad0000 - 0x00007ffb97af6000 	C:\WINDOWS\System32\win32u.dll
0x00007ffb98960000 - 0x00007ffb98989000 	C:\WINDOWS\System32\GDI32.dll
0x00007ffb98390000 - 0x00007ffb984a9000 	C:\WINDOWS\System32\gdi32full.dll
0x00007ffb8c9d0000 - 0x00007ffb8cc5e000 	C:\WINDOWS\WinSxS\amd64_microsoft.windows.common-controls_6595b64144ccf1df_6.0.22621.1635_none_270f70857386168e\COMCTL32.dll
0x00007ffb98140000 - 0x00007ffb981da000 	C:\WINDOWS\System32\msvcp_win.dll
0x00007ffb98e70000 - 0x00007ffb98f17000 	C:\WINDOWS\System32\msvcrt.dll
0x00007ffb9a400000 - 0x00007ffb9a431000 	C:\WINDOWS\System32\IMM32.DLL
0x00007ffb92e20000 - 0x00007ffb92e2c000 	C:\Users\bjm24\.jdks\temurin-17.0.7\bin\vcruntime140_1.dll
0x00007ffb8a790000 - 0x00007ffb8a821000 	C:\Users\bjm24\.jdks\temurin-17.0.7\bin\msvcp140.dll
0x00007ffb44cf0000 - 0x00007ffb45938000 	C:\Users\bjm24\.jdks\temurin-17.0.7\bin\server\jvm.dll
0x00007ffb98dc0000 - 0x00007ffb98e6e000 	C:\WINDOWS\System32\ADVAPI32.dll
0x00007ffb984b0000 - 0x00007ffb98554000 	C:\WINDOWS\System32\sechost.dll
0x00007ffb9a440000 - 0x00007ffb9a557000 	C:\WINDOWS\System32\RPCRT4.dll
0x00007ffb8d000000 - 0x00007ffb8d00a000 	C:\WINDOWS\SYSTEM32\VERSION.dll
0x00007ffb8cfc0000 - 0x00007ffb8cff4000 	C:\WINDOWS\SYSTEM32\WINMM.dll
0x00007ffb7a370000 - 0x00007ffb7a379000 	C:\WINDOWS\SYSTEM32\WSOCK32.dll
0x00007ffb99f00000 - 0x00007ffb99f71000 	C:\WINDOWS\System32\WS2_32.dll
0x00007ffb96bf0000 - 0x00007ffb96c08000 	C:\WINDOWS\SYSTEM32\kernel.appcore.dll
0x00007ffb8f4e0000 - 0x00007ffb8f4ea000 	C:\Users\bjm24\.jdks\temurin-17.0.7\bin\jimage.dll
0x00007ffb954d0000 - 0x00007ffb956fe000 	C:\WINDOWS\SYSTEM32\DBGHELP.DLL
0x00007ffb98a30000 - 0x00007ffb98db9000 	C:\WINDOWS\System32\combase.dll
0x00007ffb98f20000 - 0x00007ffb98ff7000 	C:\WINDOWS\System32\OLEAUT32.dll
0x00007ffb8ae00000 - 0x00007ffb8ae32000 	C:\WINDOWS\SYSTEM32\dbgcore.DLL
0x00007ffb98250000 - 0x00007ffb982cb000 	C:\WINDOWS\System32\bcryptPrimitives.dll
0x00007ffb8a920000 - 0x00007ffb8a92e000 	C:\Users\bjm24\.jdks\temurin-17.0.7\bin\instrument.dll
0x00007ffb8a9a0000 - 0x00007ffb8a9c5000 	C:\Users\bjm24\.jdks\temurin-17.0.7\bin\java.dll

dbghelp: loaded successfully - version: 4.0.5 - missing functions: none
symbol engine: initialized successfully - sym options: 0x614 - pdb path: .;C:\Users\bjm24\.jdks\temurin-17.0.7\bin;C:\WINDOWS\SYSTEM32;C:\WINDOWS\WinSxS\amd64_microsoft.windows.common-controls_6595b64144ccf1df_6.0.22621.1635_none_270f70857386168e;C:\Users\bjm24\.jdks\temurin-17.0.7\bin\server

VM Arguments:
jvm_args: -XX:TieredStopAtLevel=1 -Dspring.output.ansi.enabled=always -Dcom.sun.management.jmxremote -Dspring.jmx.enabled=true -Dspring.liveBeansView.mbeanDomain -Dspring.application.admin.enabled=true -Dmanagement.endpoints.jmx.exposure.include=* -javaagent:C:\Program Files\JetBrains\IntelliJ IDEA 2023.1.1\lib\idea_rt.jar=5444:C:\Program Files\JetBrains\IntelliJ IDEA 2023.1.1\bin -Dfile.encoding=UTF-8 
java_command: com.umc.Carrot.CarrotApplication
java_class_path (initial): D:\2023\2023-1\umc\Carrot\Carrot\build\classes\java\main;D:\2023\2023-1\umc\Carrot\Carrot\build\resources\main;C:\Users\bjm24\.gradle\caches\modules-2\files-2.1\org.projectlombok\lombok\1.18.26\8f8cf0372abf564913e9796623aac4c8ea44025a\lombok-1.18.26.jar;C:\Users\bjm24\.gradle\caches\modules-2\files-2.1\org.springframework.boot\spring-boot-starter-jdbc\3.0.4\e64f229f772dc2952e1978a1f10d7f3a462e105d\spring-boot-starter-jdbc-3.0.4.jar;C:\Users\bjm24\.gradle\caches\modules-2\files-2.1\org.springframework.boot\spring-boot-starter-web\3.1.0\36a8666047ea49114e0974bece35e2ef68cf975f\spring-boot-starter-web-3.1.0.jar;C:\Users\bjm24\.gradle\caches\modules-2\files-2.1\com.google.code.gson\gson\2.10.1\b3add478d4382b78ea20b1671390a858002feb6c\gson-2.10.1.jar;C:\Users\bjm24\.gradle\caches\modules-2\files-2.1\org.springframework.boot\spring-boot-starter\3.0.7\5fe8a6a2e71bbfce6ab717214bb8b7d0e726ccda\spring-boot-starter-3.0.7.jar;C:\Users\bjm24\.gradle\caches\modules-2\files-2.1\com.zaxxer\HikariCP\5.0.1\a74c7f0a37046846e88d54f7cb6ea6d565c65f9c\HikariCP-5.0.1.jar;C:\Users\bjm24\.gradle\caches\modules-2\files-2.1\org.springframework\spring-jdbc\6.0.9\814fe718b4d17187081c8efa66aaad7754d4675b\spring-jdbc-6.0.9.jar;C:\Users\bjm24\.gradle\caches\modules-2\files-2.1\org.springframework.boot\spring-boot-starter-json\3.0.7\31f75f791f960d75e4792124ddf6e67763ebb4a8\spring-boot-starter-json-3.0.7.jar;C:\Users\bjm24\.gradle\caches\modules-2\files-2.1\org.springframework.boot\spring-boot-starter-tomcat\3.0.7\b2c4286c147c72cb3885981911128dd79ebb59c2\spring-boot-starter-tomcat-3.0.7.jar;C:\Users\bjm24\.gradle\caches\modules-2\files-2.1\org.springframework\spring-webmvc\6.0.9\e127c07a23403832d0c6292f4a0bf8c7a2b7329f\spring-webmvc-6.0.9.jar;C:\Users\bjm24\.gradle\caches\modules-2\files-2.1\org.springframework\spring-web\6.0.9\2837dec8a75ecfdad367d6c30ce9cbdfc89caa7a\spring-web-6.0.9.jar;C:\Users\bjm24\.gradle\caches\modules-2\files-2.1\com.mysql\mysql-connector-j\8.0.33
Launcher Type: SUN_STANDARD

[Global flags]
     intx CICompilerCount                          = 4                                         {product} {ergonomic}
     uint ConcGCThreads                            = 2                                         {product} {ergonomic}
     uint G1ConcRefinementThreads                  = 8                                         {product} {ergonomic}
   size_t G1HeapRegionSize                         = 2097152                                   {product} {ergonomic}
    uintx GCDrainStackTargetSize                   = 64                                        {product} {ergonomic}
   size_t InitialHeapSize                          = 264241152                                 {product} {ergonomic}
     bool ManagementServer                         = true                                      {product} {command line}
   size_t MarkStackSize                            = 4194304                                   {product} {ergonomic}
   size_t MaxHeapSize                              = 4211081216                                {product} {ergonomic}
   size_t MinHeapDeltaBytes                        = 2097152                                   {product} {ergonomic}
   size_t MinHeapSize                              = 8388608                                   {product} {ergonomic}
    uintx NonProfiledCodeHeapSize                  = 0                                      {pd product} {ergonomic}
     bool ProfileInterpreter                       = false                                  {pd product} {command line}
    uintx ProfiledCodeHeapSize                     = 0                                      {pd product} {ergonomic}
   size_t SoftMaxHeapSize                          = 4211081216                             {manageable} {ergonomic}
     intx TieredStopAtLevel                        = 1                                         {product} {command line}
     bool UseCompressedClassPointers               = true                           {product lp64_product} {ergonomic}
     bool UseCompressedOops                        = true                           {product lp64_product} {ergonomic}
     bool UseG1GC                                  = true                                      {product} {ergonomic}
     bool UseLargePagesIndividualAllocation        = false                                  {pd product} {ergonomic}

Logging:
Log output configuration:
 #0: stdout all=warning uptime,level,tags
 #1: stderr all=off uptime,level,tags

Environment Variables:
JAVA_HOME=C:\Program Files\Java\jdk-20
CLASSPATH=C:\Program Files\Java\jdk-20\lib
PATH=C:\Program Files (x86)\VMware\VMware Player\bin\;C:\Program Files\Common Files\Oracle\Java\javapath;C:\WINDOWS\system32;C:\WINDOWS;C:\WINDOWS\System32\Wbem;C:\WINDOWS\System32\WindowsPowerShell\v1.0\;C:\WINDOWS\System32\OpenSSH\;C:\Program Files (x86)\IVI Foundation\VISA\WinNT\Bin;D:\programs\runtime\win64;D:\programs\bin;C:\Program Files\nodejs\;C:\Program Files\Git\cmd;C:\Program Files\mosquitto;C:\Users\bjm24\AppData\Local\Android\Sdk\platform-tools;C:\Users\bjm24\AppData\Local\Programs\Python\Python311;C:\Users\bjm24\AppData\Local\Programs\Python\Python311\Scripts;C:\Program Files\Java\jdk-20\bin;C:\Program Files\MySQL\MySQL Shell 8.0\bin\;C:\Users\bjm24\AppData\Local\Programs\Python\Python311\Scripts\;C:\Users\bjm24\AppData\Local\Programs\Python\Python311\;C:\OrCAD\OrCAD_16.6_Lite\tools\pcb\bin;C:\OrCAD\OrCAD_16.6_Lite\tools\fet\bin;C:\OrCAD\OrCAD_16.6_Lite\OpenAccess\bin\win32\opt;C:\OrCAD\OrCAD_16.6_Lite\tools\bin;C:\OrCAD\OrCAD_16.6_Lite\tools\Capture;C:\OrCAD\OrCAD_16.6_Lite\tools\PSpice;C:\Users\bjm24\AppData\Local\Microsoft\WindowsApps;C:\intelFPGA_pro\21.1\modelsim_ase\win32aloem;C:\Users\bjm24\AppData\Roaming\npm;C:\Users\bjm24\AppData\Local\Programs\Microsoft VS Code\bin:C:\Users\bjm24\AppData\Local\Android\Sdk\platform-tools;C:\Users\bjm24\AppData\Local\Programs\Microsoft VS Code\bin;C:\Users\bjm24\AppData\Local\Programs\Python\Python311;C:\Users\bjm24\AppData\Local\Programs\Python\Python311\Scripts;;D:\programs\DataGrip 2023.1\bin;;C:\Program Files\JetBrains\IntelliJ IDEA Community Edition 2023.1.1\bin;
USERNAME=bjm24
TMPDIR=C:\Users\Public\Documents\ESTsoft\CreatorTemp
OS=Windows_NT
PROCESSOR_IDENTIFIER=Intel64 Family 6 Model 140 Stepping 1, GenuineIntel
TMP=C:\Users\bjm24\AppData\Local\Temp
TEMP=C:\Users\bjm24\AppData\Local\Temp



---------------  S Y S T E M  ---------------

OS:
 Windows 11 , 64 bit Build 22621 (10.0.22621.1778)
OS uptime: 18 days 1:51 hours
Hyper-V role detected

CPU: total 8 (initial active 8) (4 cores per cpu, 2 threads per core) family 6 model 140 stepping 1 microcode 0x9a, cx8, cmov, fxsr, ht, mmx, 3dnowpref, sse, sse2, sse3, ssse3, sse4.1, sse4.2, popcnt, lzcnt, tsc, tscinvbit, avx, avx2, aes, erms, clmul, bmi1, bmi2, adx, avx512f, avx512dq, avx512cd, avx512bw, avx512vl, sha, fma, vzeroupper, avx512_vpopcntdq, avx512_vpclmulqdq, avx512_vaes, avx512_vnni, clflush, clflushopt, clwb, avx512_vbmi2, avx512_vbmi, hv

Memory: 4k page, system-wide physical 16057M (2477M free)
TotalPageFile size 17972M (AvailPageFile size 158M)
current process WorkingSet (physical memory assigned to process): 11M, peak: 11M
current process commit charge ("private bytes"): 55M, peak: 307M

vm_info: OpenJDK 64-Bit Server VM (17.0.7+7) for windows-amd64 JRE (17.0.7+7), built on Apr 18 2023 22:10:42 by "temurin" with MS VC++ 16.7 (VS2019)

END.
